Build started 16/05/2015 16:34:32.
     1>Project "C:\Users\Marcos\Documents\Disco Local\Documentos\Faculdade\Compiladores\Trabalho Matlab\Matlab\Matlab\Matlab.vcxproj" on node 2 (Build target(s)).
     1>ClCompile:
         C:\Program Files (x86)\Microsoft Visual Studio 11.0\VC\bin\CL.exe /c /ZI /nologo /W3 /WX- /Od /Oy- /D WIN32 /D _DEBUG /D _CONSOLE /D _UNICODE /D UNICODE /Gm /EHsc /RTC1 /MDd /GS /fp:precise /Zc:wchar_t /Zc:forScope /Fo"Debug\\" /Fd"Debug\vc110.pdb" /Gd /TP /analyze- /errorReport:prompt Compiladores.cpp
         Compiladores.cpp
     1>c:\users\marcos\documents\disco local\documentos\faculdade\compiladores\trabalho matlab\matlab\matlab\compiladores.cpp(2559): warning C4101: 'tmp' : unreferenced local variable
     1>c:\users\marcos\documents\disco local\documentos\faculdade\compiladores\trabalho matlab\matlab\matlab\compiladores.cpp(2624): warning C4996: 'fopen': This function or variable may be unsafe. Consider using fopen_s instead. To disable deprecation, use _CRT_SECURE_NO_WARNINGS. See online help for details.
                 c:\program files (x86)\microsoft visual studio 11.0\vc\include\stdio.h(218) : see declaration of 'fopen'
     1>c:\users\marcos\documents\disco local\documentos\faculdade\compiladores\trabalho matlab\matlab\matlab\compiladores.cpp(2644): warning C4996: 'fopen': This function or variable may be unsafe. Consider using fopen_s instead. To disable deprecation, use _CRT_SECURE_NO_WARNINGS. See online help for details.
                 c:\program files (x86)\microsoft visual studio 11.0\vc\include\stdio.h(218) : see declaration of 'fopen'
     1>c:\users\marcos\documents\disco local\documentos\faculdade\compiladores\trabalho matlab\matlab\matlab\compiladores.cpp(2653): warning C4996: 'fopen': This function or variable may be unsafe. Consider using fopen_s instead. To disable deprecation, use _CRT_SECURE_NO_WARNINGS. See online help for details.
                 c:\program files (x86)\microsoft visual studio 11.0\vc\include\stdio.h(218) : see declaration of 'fopen'
     1>c:\users\marcos\documents\disco local\documentos\faculdade\compiladores\trabalho matlab\matlab\matlab\compiladores.cpp(422): warning C4715: 'rec_equ' : not all control paths return a value
       Link:
         C:\Program Files (x86)\Microsoft Visual Studio 11.0\VC\bin\link.exe /ERRORREPORT:PROMPT /OUT:"C:\Users\Marcos\Documents\Disco Local\Documentos\Faculdade\Compiladores\Trabalho Matlab\Matlab\Debug\Matlab.exe" /INCREMENTAL /NOLOGO kernel32.lib user32.lib gdi32.lib winspool.lib comdlg32.lib advapi32.lib shell32.lib ole32.lib oleaut32.lib uuid.lib odbc32.lib odbccp32.lib /MANIFEST /MANIFESTUAC:"level='asInvoker' uiAccess='false'" /manifest:embed /DEBUG /PDB:"C:\Users\Marcos\Documents\Disco Local\Documentos\Faculdade\Compiladores\Trabalho Matlab\Matlab\Debug\Matlab.pdb" /SUBSYSTEM:CONSOLE /TLBID:1 /DYNAMICBASE /NXCOMPAT /IMPLIB:"C:\Users\Marcos\Documents\Disco Local\Documentos\Faculdade\Compiladores\Trabalho Matlab\Matlab\Debug\Matlab.lib" /MACHINE:X86 Debug\Compiladores.obj
         Debug\Versao_colegas.obj
         Matlab.vcxproj -> C:\Users\Marcos\Documents\Disco Local\Documentos\Faculdade\Compiladores\Trabalho Matlab\Matlab\Debug\Matlab.exe
     1>Done Building Project "C:\Users\Marcos\Documents\Disco Local\Documentos\Faculdade\Compiladores\Trabalho Matlab\Matlab\Matlab\Matlab.vcxproj" (Build target(s)).

Build succeeded.

Time Elapsed 00:00:01.75
